c:\repo\jester script\jester script\debug\vc142.pdb
c:\repo\jester script\jester script\debug\vc142.idb
c:\repo\jester script\jester script\debug\main.obj
c:\repo\jester script\jester script\debug\vm.obj
c:\repo\jester script\jester script\debug\strcon.obj
c:\repo\jester script\jester script\debug\parser.obj
c:\repo\jester script\jester script\debug\operations.obj
c:\repo\jester script\jester script\debug\execute.obj
c:\repo\jester script\jester script\debug\lexer.obj
c:\repo\jester script\jester script\debug\file.obj
c:\repo\jester script\jester script\debug\jtsfunc.obj
c:\repo\jester script\debug\jester script.exe
c:\repo\jester script\debug\jester script.ilk
c:\repo\jester script\debug\jester script.pdb
c:\repo\jester script\jester script\debug\jester script.tlog\cl.command.1.tlog
c:\repo\jester script\jester script\debug\jester script.tlog\cl.read.1.tlog
c:\repo\jester script\jester script\debug\jester script.tlog\cl.write.1.tlog
c:\repo\jester script\jester script\debug\jester script.tlog\link.command.1.tlog
c:\repo\jester script\jester script\debug\jester script.tlog\link.read.1.tlog
c:\repo\jester script\jester script\debug\jester script.tlog\link.write.1.tlog
